08.10.2016 11:19:00 Articol &quot;Minimalist Patterns, Delicate and Subtle Motion&quot; already exists.
08.10.2016 11:19:00 Media &quot;post-1&quot; already exists.
09.10.2016 11:21:08 Media &quot;post-3&quot; already exists.
09.10.2016 11:23:21 Media &quot;post-4&quot; already exists.
09.10.2016 11:23:54 Media &quot;post-5&quot; already exists.
09.10.2016 11:24:10 Media &quot;post-6&quot; already exists.
09.10.2016 11:24:19 Media &quot;post-7&quot; already exists.
09.10.2016 11:24:28 Media &quot;post-8&quot; already exists.
09.10.2016 11:25:16 Media &quot;post-16&quot; already exists.
09.10.2016 11:27:32 Media &quot;post-1&quot; already exists.
09.10.2016 11:27:32 Articol &quot;Minimalist Patterns, Delicate and Subtle Motion&quot; already exists.
09.10.2016 11:27:32 Media &quot;post-1&quot; already exists.
09.10.2016 11:27:32 Articol &quot;Minimalist Patterns, Delicate and Subtle Motion&quot; already exists.
09.10.2016 11:27:32 Media &quot;post-1&quot; already exists.
09.10.2016 11:27:32 Media &quot;post-1&quot; already exists.
09.10.2016 11:27:32 Media &quot;post-13&quot; already exists.
09.10.2016 11:27:32 Articol &quot;Frenetic and Joyful Ride Across Montreal&quot; already exists.
09.10.2016 11:27:32 Media &quot;post-13&quot; already exists.
09.10.2016 11:27:33 Articol &quot;Frenetic and Joyful Ride Across Montreal&quot; already exists.
09.10.2016 11:27:33 Media &quot;post-13&quot; already exists.
09.10.2016 11:27:33 Media &quot;post-12&quot; already exists.
09.10.2016 11:27:33 Articol &quot;The Ultimate Fighter, a Story of One&quot; already exists.
09.10.2016 11:27:33 Media &quot;post-12&quot; already exists.
09.10.2016 11:27:33 Articol &quot;The Ultimate Fighter, a Story of One&quot; already exists.
09.10.2016 11:27:33 Media &quot;post-12&quot; already exists.
09.10.2016 11:27:33 Media &quot;post-11&quot; already exists.
09.10.2016 11:27:33 Articol &quot;Collection from Antique Stores Across the Globe&quot; already exists.
09.10.2016 11:27:33 Media &quot;post-11&quot; already exists.
09.10.2016 11:27:33 Articol &quot;Collection from Antique Stores Across the Globe&quot; already exists.
09.10.2016 11:27:33 Media &quot;post-11&quot; already exists.
09.10.2016 11:27:35 Articol &quot;Wonderful Images of Peaceful Stillness&quot; already exists.
09.10.2016 11:27:35 Articol &quot;Wonderful Images of Peaceful Stillness&quot; already exists.
09.10.2016 11:27:35 Articol &quot;Our Favorite Characters Make Us Better&quot; already exists.
09.10.2016 11:27:35 Articol &quot;Our Favorite Characters Make Us Better&quot; already exists.
09.10.2016 11:27:35 Articol &quot;How To Start Writing, or Please Get Me Some Coffee!&quot; already exists.
09.10.2016 11:27:35 Articol &quot;How To Start Writing, or Please Get Me Some Coffee!&quot; already exists.
09.10.2016 11:27:35 Articol &quot;Consciousness is the State or Quality of Awareness&quot; already exists.
09.10.2016 11:27:36 Articol &quot;Consciousness is the State or Quality of Awareness&quot; already exists.
09.10.2016 11:35:45 Media &quot;post-21&quot; already exists.
09.10.2016 11:36:22 Media &quot;post-23&quot; already exists.
09.10.2016 11:36:45 Media &quot;post-25&quot; already exists.
09.10.2016 11:37:08 Media &quot;post-26&quot; already exists.
09.10.2016 11:38:35 Media &quot;photo_5&quot; already exists.
09.10.2016 11:40:14 Media &quot;post-14&quot; already exists.
09.10.2016 11:41:33 Media &quot;post-home-7&quot; already exists.
09.10.2016 11:42:20 Media &quot;team-4&quot; already exists.
09.10.2016 11:44:50 Media &quot;team-3&quot; already exists.
09.10.2016 11:49:31 Media &quot;logo2&quot; already exists.
09.10.2016 11:51:31 Media &quot;book5&quot; already exists.
09.10.2016 11:53:20 Media &quot;book6&quot; already exists.
09.10.2016 11:53:47 Media &quot;book7&quot; already exists.
09.10.2016 12:03:59 Media &quot;book8&quot; already exists.
09.10.2016 13:21:45 Media &quot;book10&quot; already exists.
09.10.2016 13:23:19 Media &quot;book12&quot; already exists.
09.10.2016 13:57:19 Media &quot;book16&quot; already exists.
09.10.2016 13:57:27 Failed to import Media: &quot;Natural Blues&quot;. Message: cURL error 28: Operation timed out after 4996 milliseconds with 2651121 out of 4057592 bytes received
09.10.2016 14:36:10 Media &quot;home3_bg1&quot; already exists.
09.10.2016 14:46:04 Media &quot;post-1&quot; already exists.
09.10.2016 14:46:29 Media &quot;post-3&quot; already exists.
09.10.2016 15:10:22 Media &quot;post-5&quot; already exists.
10.10.2016 09:47:27 Media &quot;post-19&quot; already exists.
13.11.2016 12:00:22 Media &quot;post-home-3&quot; already exists.
24.11.2016 13:16:31 Articol &quot;Minimalist Patterns, Delicate and Subtle Motion&quot; already exists.
24.11.2016 13:16:31 Media &quot;post-1&quot; already exists.
24.11.2016 13:16:31 Media &quot;post-2&quot; already exists.
24.11.2016 13:16:31 Media &quot;post-3&quot; already exists.
24.11.2016 13:16:31 Media &quot;post-4&quot; already exists.
24.11.2016 13:16:32 Media &quot;post-5&quot; already exists.
24.11.2016 13:16:32 Media &quot;post-6&quot; already exists.
24.11.2016 13:16:32 Media &quot;post-7&quot; already exists.
24.11.2016 13:16:32 Media &quot;post-8&quot; already exists.
24.11.2016 13:16:32 Media &quot;post-15&quot; already exists.
24.11.2016 13:16:32 Media &quot;post-16&quot; already exists.
24.11.2016 13:16:32 Media &quot;post-17&quot; already exists.
24.11.2016 13:16:32 Media &quot;post-18&quot; already exists.
24.11.2016 13:16:32 Media &quot;post-19&quot; already exists.
24.11.2016 13:16:32 Articol &quot;Helping with Meditation&quot; already exists.
24.11.2016 13:16:32 Articol &quot;The World is Not Enough&quot; already exists.
24.11.2016 13:16:32 Articol &quot;Exotic Lands&quot; already exists.
24.11.2016 13:16:32 Articol &quot;How to Manage Your Temper&quot; already exists.
24.11.2016 13:16:32 Articol &quot;The Most Beautiful Jewelry in Italy&quot; already exists.
24.11.2016 13:16:32 Articol &quot;Englishman in New York&quot; already exists.
24.11.2016 13:16:33 Articol &quot;Captured Memories&quot; already exists.
24.11.2016 13:16:33 Articol &quot;La Cuba Libre!&quot; already exists.
24.11.2016 13:16:33 Articol &quot;Amazing People&quot; already exists.
24.11.2016 13:16:33 Articol &quot;The End of the World&quot; already exists.
24.11.2016 13:16:33 Pagină &quot;Home&quot; already exists.
24.11.2016 13:16:33 Pagină &quot;Masonry&quot; already exists.
24.11.2016 13:16:33 Pagină &quot;Grid&quot; already exists.
24.11.2016 13:16:33 Pagină &quot;Cobbles&quot; already exists.
24.11.2016 13:16:33 Articol &quot;Never Been Much of a Reader Until This Book&quot; already exists.
24.11.2016 13:16:33 Media &quot;post-home&quot; already exists.
24.11.2016 13:16:33 Articol &quot;How to Start Writing, or Where is My Coffee?&quot; already exists.
24.11.2016 13:16:33 Media &quot;post-9&quot; already exists.
24.11.2016 13:16:33 Articol &quot;Where Technologies Meet Nature: Amazing Photoshoot&quot; already exists.
24.11.2016 13:16:33 Media &quot;post-20&quot; already exists.
24.11.2016 13:16:33 Articol &quot;The Ultimate Fighter, a Story of One&quot; already exists.
24.11.2016 13:16:34 Media &quot;post-12&quot; already exists.
24.11.2016 13:16:34 Articol &quot;Frenetic and Joyful Ride Across Montreal&quot; already exists.
24.11.2016 13:16:34 Media &quot;post-13&quot; already exists.
24.11.2016 13:16:34 Articol &quot;Collection from Antique Stores Across the Globe&quot; already exists.
24.11.2016 13:16:34 Media &quot;post-11&quot; already exists.
24.11.2016 13:16:35 Articol &quot;The Look of Love: You Will Find It&quot; already exists.
24.11.2016 13:16:35 Media &quot;post-home-7&quot; already exists.
24.11.2016 13:16:35 Media &quot;post-home-1&quot; already exists.
24.11.2016 13:16:35 Media &quot;post-home-2&quot; already exists.
24.11.2016 13:16:35 Media &quot;post-home-3&quot; already exists.
24.11.2016 13:16:35 Media &quot;post-home-4&quot; already exists.
28.11.2016 06:13:47 Post &quot;Minimalist Patterns, Delicate and Subtle Motion&quot; already exists.
28.11.2016 06:13:47 Media &quot;post-1&quot; already exists.
28.11.2016 06:13:47 Media &quot;post-2&quot; already exists.
28.11.2016 06:13:47 Media &quot;post-3&quot; already exists.
28.11.2016 06:13:47 Media &quot;post-4&quot; already exists.
28.11.2016 07:18:21 Media &quot;post-15&quot; already exists.
28.11.2016 07:19:06 Media &quot;post-17&quot; already exists.
28.11.2016 07:58:37 Media &quot;post-home-7&quot; already exists.
28.11.2016 07:59:21 Media &quot;post-1&quot; already exists.
28.11.2016 07:59:21 Post &quot;Minimalist Patterns, Delicate and Subtle Motion&quot; already exists.
28.11.2016 07:59:21 Media &quot;post-1&quot; already exists.
28.11.2016 07:59:21 Post &quot;Minimalist Patterns, Delicate and Subtle Motion&quot; already exists.
28.11.2016 07:59:21 Media &quot;post-1&quot; already exists.
28.11.2016 07:59:21 Media &quot;post-1&quot; already exists.
28.11.2016 07:59:21 Media &quot;post-13&quot; already exists.
28.11.2016 07:59:21 Post &quot;Frenetic and Joyful Ride Across Montreal&quot; already exists.
28.11.2016 07:59:21 Media &quot;post-13&quot; already exists.
28.11.2016 07:59:21 Post &quot;Frenetic and Joyful Ride Across Montreal&quot; already exists.
28.11.2016 07:59:21 Media &quot;post-13&quot; already exists.
28.11.2016 07:59:21 Media &quot;post-12&quot; already exists.
28.11.2016 07:59:21 Post &quot;The Ultimate Fighter, a Story of One&quot; already exists.
28.11.2016 07:59:21 Media &quot;post-12&quot; already exists.
28.11.2016 07:59:22 Post &quot;The Ultimate Fighter, a Story of One&quot; already exists.
28.11.2016 07:59:22 Media &quot;post-12&quot; already exists.
28.11.2016 07:59:22 Media &quot;post-11&quot; already exists.
28.11.2016 07:59:22 Post &quot;Collection from Antique Stores Across the Globe&quot; already exists.
28.11.2016 07:59:22 Media &quot;post-11&quot; already exists.
28.11.2016 07:59:22 Post &quot;Collection from Antique Stores Across the Globe&quot; already exists.
28.11.2016 07:59:22 Media &quot;post-11&quot; already exists.
28.11.2016 07:59:23 Post &quot;Wonderful Images of Peaceful Stillness&quot; already exists.
28.11.2016 07:59:24 Post &quot;Wonderful Images of Peaceful Stillness&quot; already exists.
28.11.2016 07:59:24 Post &quot;Our Favorite Characters Make Us Better&quot; already exists.
28.11.2016 07:59:24 Post &quot;Our Favorite Characters Make Us Better&quot; already exists.
28.11.2016 07:59:24 Post &quot;How To Start Writing, or Please Get Me Some Coffee!&quot; already exists.
28.11.2016 07:59:24 Post &quot;How To Start Writing, or Please Get Me Some Coffee!&quot; already exists.
28.11.2016 07:59:24 Post &quot;Consciousness is the State or Quality of Awareness&quot; already exists.
28.11.2016 07:59:24 Post &quot;Consciousness is the State or Quality of Awareness&quot; already exists.
28.11.2016 08:17:57 Media &quot;bg_about&quot; already exists.
28.11.2016 08:25:00 Media &quot;main-bg&quot; already exists.
28.11.2016 08:30:54 Media &quot;book12&quot; already exists.
18.12.2016 14:45:09 .p_font is undefined: failed at `.p_font();` line: 44
